[00:18:02.448 Verbose] - BuildManager - C:\Program Files (x86)\Microsoft Visual Studio\2019\Enterprise\MSBuild\Current\Bin\Microsoft.Common.CurrentVersion.targets(4632,5): error MSB3027: Could not copy "C:\Users\usman.naru\.nuget\packages\system.security.cryptography.protecteddata\4.7.0\runtimes\win\lib\netstandard2.0\System.Security.Cryptography.ProtectedData.dll" to "C:\Users\usman.naru\OneDrive - Sainsbury's Supermarkets Ltd\TCS\My Profile\Project\PaymentGatewayService\.vs\PaymentGatewayService\v16\lut\0\b\PaymentGatewayService\PaymentGateway.API\bin\Debug\net5.0\runtimes\win\lib\netstandard2.0\System.Security.Cryptography.ProtectedData.dll". Exceeded retry count of 10. Failed. 
[00:18:02.448 Verbose] - BuildManager - C:\Program Files (x86)\Microsoft Visual Studio\2019\Enterprise\MSBuild\Current\Bin\Microsoft.Common.CurrentVersion.targets(4632,5): error MSB3021: Unable to copy file "C:\Users\usman.naru\.nuget\packages\system.security.cryptography.protecteddata\4.7.0\runtimes\win\lib\netstandard2.0\System.Security.Cryptography.ProtectedData.dll" to "C:\Users\usman.naru\OneDrive - Sainsbury's Supermarkets Ltd\TCS\My Profile\Project\PaymentGatewayService\.vs\PaymentGatewayService\v16\lut\0\b\PaymentGatewayService\PaymentGateway.API\bin\Debug\net5.0\runtimes\win\lib\netstandard2.0\System.Security.Cryptography.ProtectedData.dll". Could not find a part of the path 'C:\Users\usman.naru\OneDrive - Sainsbury's Supermarkets Ltd\TCS\My Profile\Project\PaymentGatewayService\.vs\PaymentGatewayService\v16\lut\0\b\PaymentGatewayService\PaymentGateway.API\bin\Debug\net5.0\runtimes\win\lib\netstandard2.0\System.Security.Cryptography.ProtectedData.dll'.
[00:18:02.466 Verbose] - BuildManager - C:\Program Files (x86)\Microsoft Visual Studio\2019\Enterprise\MSBuild\Current\Bin\Microsoft.Common.CurrentVersion.targets(4632,5): error MSB3027: Could not copy "C:\Users\usman.naru\.nuget\packages\microsoft.data.sqlclient\2.0.1\runtimes\unix\lib\netcoreapp3.1\Microsoft.Data.SqlClient.dll" to "C:\Users\usman.naru\OneDrive - Sainsbury's Supermarkets Ltd\TCS\My Profile\Project\PaymentGatewayService\.vs\PaymentGatewayService\v16\lut\0\b\PaymentGatewayService\PaymentGateway.API\bin\Debug\net5.0\runtimes\unix\lib\netcoreapp3.1\Microsoft.Data.SqlClient.dll". Exceeded retry count of 10. Failed. 
[00:18:02.466 Verbose] - BuildManager - C:\Program Files (x86)\Microsoft Visual Studio\2019\Enterprise\MSBuild\Current\Bin\Microsoft.Common.CurrentVersion.targets(4632,5): error MSB3021: Unable to copy file "C:\Users\usman.naru\.nuget\packages\microsoft.data.sqlclient\2.0.1\runtimes\unix\lib\netcoreapp3.1\Microsoft.Data.SqlClient.dll" to "C:\Users\usman.naru\OneDrive - Sainsbury's Supermarkets Ltd\TCS\My Profile\Project\PaymentGatewayService\.vs\PaymentGatewayService\v16\lut\0\b\PaymentGatewayService\PaymentGateway.API\bin\Debug\net5.0\runtimes\unix\lib\netcoreapp3.1\Microsoft.Data.SqlClient.dll". Could not find a part of the path 'C:\Users\usman.naru\OneDrive - Sainsbury's Supermarkets Ltd\TCS\My Profile\Project\PaymentGatewayService\.vs\PaymentGatewayService\v16\lut\0\b\PaymentGatewayService\PaymentGateway.API\bin\Debug\net5.0\runtimes\unix\lib\netcoreapp3.1\Microsoft.Data.SqlClient.dll'.
[00:18:02.480 Verbose] - BuildManager - C:\Program Files (x86)\Microsoft Visual Studio\2019\Enterprise\MSBuild\Current\Bin\Microsoft.Common.CurrentVersion.targets(4632,5): error MSB3027: Could not copy "C:\Users\usman.naru\.nuget\packages\microsoft.data.sqlclient\2.0.1\runtimes\win\lib\netcoreapp3.1\Microsoft.Data.SqlClient.dll" to "C:\Users\usman.naru\OneDrive - Sainsbury's Supermarkets Ltd\TCS\My Profile\Project\PaymentGatewayService\.vs\PaymentGatewayService\v16\lut\0\b\PaymentGatewayService\PaymentGateway.API\bin\Debug\net5.0\runtimes\win\lib\netcoreapp3.1\Microsoft.Data.SqlClient.dll". Exceeded retry count of 10. Failed. 
[00:18:02.480 Verbose] - BuildManager - C:\Program Files (x86)\Microsoft Visual Studio\2019\Enterprise\MSBuild\Current\Bin\Microsoft.Common.CurrentVersion.targets(4632,5): error MSB3021: Unable to copy file "C:\Users\usman.naru\.nuget\packages\microsoft.data.sqlclient\2.0.1\runtimes\win\lib\netcoreapp3.1\Microsoft.Data.SqlClient.dll" to "C:\Users\usman.naru\OneDrive - Sainsbury's Supermarkets Ltd\TCS\My Profile\Project\PaymentGatewayService\.vs\PaymentGatewayService\v16\lut\0\b\PaymentGatewayService\PaymentGateway.API\bin\Debug\net5.0\runtimes\win\lib\netcoreapp3.1\Microsoft.Data.SqlClient.dll". Could not find a part of the path 'C:\Users\usman.naru\OneDrive - Sainsbury's Supermarkets Ltd\TCS\My Profile\Project\PaymentGatewayService\.vs\PaymentGatewayService\v16\lut\0\b\PaymentGatewayService\PaymentGateway.API\bin\Debug\net5.0\runtimes\win\lib\netcoreapp3.1\Microsoft.Data.SqlClient.dll'.
[00:18:02.501 Verbose] - BuildManager - Some of the file paths defined in the csproj under the Live Unit Testing build path are missing. Verify whether these files should be present under the Live Unit Testing build path and if necessary update the csproj definition to look these files up in a different place.
[00:18:02.503 Verbose] - BuildManager - Item _OutputPathItem 'C:\Users\usman.naru\OneDrive - Sainsbury's Supermarkets Ltd\TCS\My Profile\Project\PaymentGatewayService\.vs\PaymentGatewayService\v16\lut\0\b\PaymentGatewayService\PaymentGateway.API\bin\Debug\net5.0\' evaluated via:
_OutputPathItem: '$(OutDir)' @ C:\Program Files (x86)\Microsoft Visual Studio\2019\Enterprise\MSBuild\Current\Bin\Microsoft.Common.CurrentVersion.targets:309
  OutDir: '$([MSBuild]::EnsureTrailingSlash($([MSBuild]::ValueOrDefault('$(OutDir)', '$(OutputPath)'))))' @ C:\Program Files (x86)\Microsoft Visual Studio\2019\Enterprise\MSBuild\Current\Bin\Microsoft.Common.CurrentVersion.targets:230
    OutDir: 'C:\Users\usman.naru\OneDrive - Sainsbury's Supermarkets Ltd\TCS\My Profile\Project\PaymentGatewayService\.vs\PaymentGatewayService\v16\lut\0\b\PaymentGatewayService\PaymentGateway.API\bin\Debug\net5.0\' @ C:\Users\usman.naru\OneDrive - Sainsbury's Supermarkets Ltd\TCS\My Profile\Project\PaymentGatewayService\PaymentGateway.API\PaymentGateway.API.csproj:0
    OutputPath: '$([MSBuild]::EnsureTrailingSlash('$(OutputPath)'))' @ C:\Program Files (x86)\Microsoft Visual Studio\2019\Enterprise\MSBuild\Current\Bin\Microsoft.Common.CurrentVersion.targets:157
      OutputPath: '$(OutputPath)$(TargetFramework.ToLowerInvariant())\' @ C:\Program Files\dotnet\sdk\5.0.202\Sdks\Microsoft.NET.Sdk\targets\Microsoft.NET.TargetFrameworkInference.targets:242
        OutputPath: 'C:\Users\usman.naru\OneDrive - Sainsbury's Supermarkets Ltd\TCS\My Profile\Project\PaymentGatewayService\.vs\PaymentGatewayService\v16\lut\0\b\PaymentGatewayService\PaymentGateway.API\bin\Debug\net5.0\' @ C:\Users\usman.naru\OneDrive - Sainsbury's Supermarkets Ltd\TCS\My Profile\Project\PaymentGatewayService\PaymentGateway.API\PaymentGateway.API.csproj:0
[00:18:02.504 Verbose] - BuildManager - Item AppConfigFileDestination 'C:\Users\usman.naru\OneDrive - Sainsbury's Supermarkets Ltd\TCS\My Profile\Project\PaymentGatewayService\.vs\PaymentGatewayService\v16\lut\0\b\PaymentGatewayService\PaymentGateway.API\bin\Debug\net5.0\PaymentGateway.API.dll.config' evaluated via:
AppConfigFileDestination: '$(OutDir)$(TargetFileName).config' @ C:\Program Files (x86)\Microsoft Visual Studio\2019\Enterprise\MSBuild\Current\Bin\Microsoft.Common.CurrentVersion.targets:337
  OutDir: '$([MSBuild]::EnsureTrailingSlash($([MSBuild]::ValueOrDefault('$(OutDir)', '$(OutputPath)'))))' @ C:\Program Files (x86)\Microsoft Visual Studio\2019\Enterprise\MSBuild\Current\Bin\Microsoft.Common.CurrentVersion.targets:230
    OutDir: 'C:\Users\usman.naru\OneDrive - Sainsbury's Supermarkets Ltd\TCS\My Profile\Project\PaymentGatewayService\.vs\PaymentGatewayService\v16\lut\0\b\PaymentGatewayService\PaymentGateway.API\bin\Debug\net5.0\' @ C:\Users\usman.naru\OneDrive - Sainsbury's Supermarkets Ltd\TCS\My Profile\Project\PaymentGatewayService\PaymentGateway.API\PaymentGateway.API.csproj:0
    OutputPath: '$([MSBuild]::EnsureTrailingSlash('$(OutputPath)'))' @ C:\Program Files (x86)\Microsoft Visual Studio\2019\Enterprise\MSBuild\Current\Bin\Microsoft.Common.CurrentVersion.targets:157
      OutputPath: '$(OutputPath)$(TargetFramework.ToLowerInvariant())\' @ C:\Program Files\dotnet\sdk\5.0.202\Sdks\Microsoft.NET.Sdk\targets\Microsoft.NET.TargetFrameworkInference.targets:242
        OutputPath: 'C:\Users\usman.naru\OneDrive - Sainsbury's Supermarkets Ltd\TCS\My Profile\Project\PaymentGatewayService\.vs\PaymentGatewayService\v16\lut\0\b\PaymentGatewayService\PaymentGateway.API\bin\Debug\net5.0\' @ C:\Users\usman.naru\OneDrive - Sainsbury's Supermarkets Ltd\TCS\My Profile\Project\PaymentGatewayService\PaymentGateway.API\PaymentGateway.API.csproj:0
  TargetFileName: '$(TargetName)$(TargetExt)' @ C:\Program Files (x86)\Microsoft Visual Studio\2019\Enterprise\MSBuild\Current\Bin\Microsoft.Common.CurrentVersion.targets:247
    TargetName: '$(AssemblyName)' @ C:\Program Files (x86)\Microsoft Visual Studio\2019\Enterprise\MSBuild\Current\Bin\Microsoft.Common.CurrentVersion.targets:239
      AssemblyName: '$(MSBuildProjectName)' @ C:\Program Files\dotnet\sdk\5.0.202\Sdks\Microsoft.NET.Sdk\targets\Microsoft.NET.Sdk.props:32
        MSBuildProjectName: 'PaymentGateway.API'
    TargetExt: '.dll' @ C:\Program Files\dotnet\sdk\5.0.202\Sdks\Microsoft.NET.Sdk\targets\Microsoft.NET.Sdk.BeforeCommon.targets:101
[00:18:02.510 Verbose] - BuildManager - Item CreateDirectory 'C:\Users\usman.naru\OneDrive - Sainsbury's Supermarkets Ltd\TCS\My Profile\Project\PaymentGatewayService\.vs\PaymentGatewayService\v16\lut\0\b\PaymentGatewayService\PaymentGateway.API\bin\Debug\net5.0\ref' evaluated via:
CreateDirectory: '$(OutDir)ref' @ C:\Program Files (x86)\Microsoft Visual Studio\2019\Enterprise\MSBuild\Current\Bin\Microsoft.Common.CurrentVersion.targets:394
  OutDir: '$([MSBuild]::EnsureTrailingSlash($([MSBuild]::ValueOrDefault('$(OutDir)', '$(OutputPath)'))))' @ C:\Program Files (x86)\Microsoft Visual Studio\2019\Enterprise\MSBuild\Current\Bin\Microsoft.Common.CurrentVersion.targets:230
    OutDir: 'C:\Users\usman.naru\OneDrive - Sainsbury's Supermarkets Ltd\TCS\My Profile\Project\PaymentGatewayService\.vs\PaymentGatewayService\v16\lut\0\b\PaymentGatewayService\PaymentGateway.API\bin\Debug\net5.0\' @ C:\Users\usman.naru\OneDrive - Sainsbury's Supermarkets Ltd\TCS\My Profile\Project\PaymentGatewayService\PaymentGateway.API\PaymentGateway.API.csproj:0
    OutputPath: '$([MSBuild]::EnsureTrailingSlash('$(OutputPath)'))' @ C:\Program Files (x86)\Microsoft Visual Studio\2019\Enterprise\MSBuild\Current\Bin\Microsoft.Common.CurrentVersion.targets:157
      OutputPath: '$(OutputPath)$(TargetFramework.ToLowerInvariant())\' @ C:\Program Files\dotnet\sdk\5.0.202\Sdks\Microsoft.NET.Sdk\targets\Microsoft.NET.TargetFrameworkInference.targets:242
        OutputPath: 'C:\Users\usman.naru\OneDrive - Sainsbury's Supermarkets Ltd\TCS\My Profile\Project\PaymentGatewayService\.vs\PaymentGatewayService\v16\lut\0\b\PaymentGatewayService\PaymentGateway.API\bin\Debug\net5.0\' @ C:\Users\usman.naru\OneDrive - Sainsbury's Supermarkets Ltd\TCS\My Profile\Project\PaymentGatewayService\PaymentGateway.API\PaymentGateway.API.csproj:0
[00:18:02.511 Verbose] - BuildManager - Item _DebugSymbolsOutputPath 'C:\Users\usman.naru\OneDrive - Sainsbury's Supermarkets Ltd\TCS\My Profile\Project\PaymentGatewayService\.vs\PaymentGatewayService\v16\lut\0\b\PaymentGatewayService\PaymentGateway.API\bin\Debug\net5.0\PaymentGateway.API.pdb' evaluated via:
_DebugSymbolsOutputPath: '@(_DebugSymbolsIntermediatePath->'$(OutDir)%(Filename)%(Extension)')' @ C:\Program Files (x86)\Microsoft Visual Studio\2019\Enterprise\MSBuild\Current\Bin\Microsoft.Common.CurrentVersion.targets:400
  OutDir: '$([MSBuild]::EnsureTrailingSlash($([MSBuild]::ValueOrDefault('$(OutDir)', '$(OutputPath)'))))' @ C:\Program Files (x86)\Microsoft Visual Studio\2019\Enterprise\MSBuild\Current\Bin\Microsoft.Common.CurrentVersion.targets:230
    OutDir: 'C:\Users\usman.naru\OneDrive - Sainsbury's Supermarkets Ltd\TCS\My Profile\Project\PaymentGatewayService\.vs\PaymentGatewayService\v16\lut\0\b\PaymentGatewayService\PaymentGateway.API\bin\Debug\net5.0\' @ C:\Users\usman.naru\OneDrive - Sainsbury's Supermarkets Ltd\TCS\My Profile\Project\PaymentGatewayService\PaymentGateway.API\PaymentGateway.API.csproj:0
    OutputPath: '$([MSBuild]::EnsureTrailingSlash('$(OutputPath)'))' @ C:\Program Files (x86)\Microsoft Visual Studio\2019\Enterprise\MSBuild\Current\Bin\Microsoft.Common.CurrentVersion.targets:157
      OutputPath: '$(OutputPath)$(TargetFramework.ToLowerInvariant())\' @ C:\Program Files\dotnet\sdk\5.0.202\Sdks\Microsoft.NET.Sdk\targets\Microsoft.NET.TargetFrameworkInference.targets:242
        OutputPath: 'C:\Users\usman.naru\OneDrive - Sainsbury's Supermarkets Ltd\TCS\My Profile\Project\PaymentGatewayService\.vs\PaymentGatewayService\v16\lut\0\b\PaymentGatewayService\PaymentGateway.API\bin\Debug\net5.0\' @ C:\Users\usman.naru\OneDrive - Sainsbury's Supermarkets Ltd\TCS\My Profile\Project\PaymentGatewayService\PaymentGateway.API\PaymentGateway.API.csproj:0
[00:18:02.512 Verbose] - BuildManager - Item _ApplicationManifestFinal 'C:\Users\usman.naru\OneDrive - Sainsbury's Supermarkets Ltd\TCS\My Profile\Project\PaymentGatewayService\.vs\PaymentGatewayService\v16\lut\0\b\PaymentGatewayService\PaymentGateway.API\bin\Debug\net5.0\PaymentGateway.API.dll.manifest' evaluated via:
_ApplicationManifestFinal: '$(OutDir)$(_DeploymentTargetApplicationManifestFileName)' @ C:\Program Files (x86)\Microsoft Visual Studio\2019\Enterprise\MSBuild\Current\Bin\Microsoft.Common.CurrentVersion.targets:438
  OutDir: '$([MSBuild]::EnsureTrailingSlash($([MSBuild]::ValueOrDefault('$(OutDir)', '$(OutputPath)'))))' @ C:\Program Files (x86)\Microsoft Visual Studio\2019\Enterprise\MSBuild\Current\Bin\Microsoft.Common.CurrentVersion.targets:230
    OutDir: 'C:\Users\usman.naru\OneDrive - Sainsbury's Supermarkets Ltd\TCS\My Profile\Project\PaymentGatewayService\.vs\PaymentGatewayService\v16\lut\0\b\PaymentGatewayService\PaymentGateway.API\bin\Debug\net5.0\' @ C:\Users\usman.naru\OneDrive - Sainsbury's Supermarkets Ltd\TCS\My Profile\Project\PaymentGatewayService\PaymentGateway.API\PaymentGateway.API.csproj:0
    OutputPath: '$([MSBuild]::EnsureTrailingSlash('$(OutputPath)'))' @ C:\Program Files (x86)\Microsoft Visual Studio\2019\Enterprise\MSBuild\Current\Bin\Microsoft.Common.CurrentVersion.targets:157
      OutputPath: '$(OutputPath)$(TargetFramework.ToLowerInvariant())\' @ C:\Program Files\dotnet\sdk\5.0.202\Sdks\Microsoft.NET.Sdk\targets\Microsoft.NET.TargetFrameworkInference.targets:242
        OutputPath: 'C:\Users\usman.naru\OneDrive - Sainsbury's Supermarkets Ltd\TCS\My Profile\Project\PaymentGatewayService\.vs\PaymentGatewayService\v16\lut\0\b\PaymentGatewayService\PaymentGateway.API\bin\Debug\net5.0\' @ C:\Users\usman.naru\OneDrive - Sainsbury's Supermarkets Ltd\TCS\My Profile\Project\PaymentGatewayService\PaymentGateway.API\PaymentGateway.API.csproj:0
  _DeploymentTargetApplicationManifestFileName: '$(TargetFileName).manifest' @ C:\Program Files (x86)\Microsoft Visual Studio\2019\Enterprise\MSBuild\Current\Bin\Microsoft.Common.CurrentVersion.targets:267
    TargetFileName: '$(TargetName)$(TargetExt)' @ C:\Program Files (x86)\Microsoft Visual Studio\2019\Enterprise\MSBuild\Current\Bin\Microsoft.Common.CurrentVersion.targets:247
      TargetName: '$(AssemblyName)' @ C:\Program Files (x86)\Microsoft Visual Studio\2019\Enterprise\MSBuild\Current\Bin\Microsoft.Common.CurrentVersion.targets:239
        AssemblyName: '$(MSBuildProjectName)' @ C:\Program Files\dotnet\sdk\5.0.202\Sdks\Microsoft.NET.Sdk\targets\Microsoft.NET.Sdk.props:32
          MSBuildProjectName: 'PaymentGateway.API'
      TargetExt: '.dll' @ C:\Program Files\dotnet\sdk\5.0.202\Sdks\Microsoft.NET.Sdk\targets\Microsoft.NET.Sdk.BeforeCommon.targets:101
